    _                _                      
   / \   ___ ___ ___| | ___ _ __ __ _ _   _ 
  / _ \ / __/ __/ _ \ |/ _ \ '__/ _` | | | |
 / ___ \ (_| (_|  __/ |  __/ | | (_| | |_| |
/_/   \_\___\___\___|_|\___|_|  \__, |\__, |
                                |___/ |___/ 

Info: generating outputs according to the following specified output flags... 
 Please use the -f flag to update the preference (default to all output files) 
{'ERT': 1, 'ERT_summary': 1, 'ART': 1, 'ART_summary': 1, 'energy_estimation': 1, 'flattened_arch': 1}
Warn: Cannot recognize the top key "problem" in file prob/quant-cnn-layer.prob.yaml 
Warn: Cannot recognize the top key "mapper" in file mapper/mapper.yaml 
Warn: Cannot recognize the top key "mapspace_constraints" in file model/model_base.yaml 
Warn: Cannot recognize the top key "sparse_optimizations" in file sparse-opt/eyeriss_v1.yaml 
Info: Parsing file arch/quant_DRAM_meta.yaml for architecture info 
Info: Parsing file arch/components/addcmp.yaml for compound_components info 
Info: Parsing file arch/components/DRAM_metadata.yaml for compound_components info 
Info: Parsing file arch/components/regfile_metadata.yaml for compound_components info 
Info: Parsing file arch/components/reg_storage.yaml for compound_components info 
Info: Parsing file arch/components/ReRAM_metadata.yaml for compound_components info 
Info: Parsing file arch/components/smartbuffer_metadata.yaml for compound_components info 
Info: Parsing file arch/components/smartbuffer.yaml for compound_components info 
Info: config file located: /home/ptaheri/.config/accelergy/accelergy_config.yaml 
config file content: 
 {'estimator_plug_ins': ['/home/ptaheri/.local/share/accelergy/estimation_plug_ins'], 'primitive_components': ['/home/ptaheri/.local/share/accelergy/primitive_component_libs'], 'table_plug_ins': {'roots': ['/home/ptaheri/.local/share/accelergy/estimation_plug_ins/accelergy-table-based-plug-ins/set_of_table_templates', '/home/ptaheri/Projects/timeloop-dev-crc/snn_hw_eval/timeloopTables/32nm_data_digital/']}, 'version': 0.3}
Info: primitive component file parsed:  /home/ptaheri/.local/share/accelergy/primitive_component_libs/primitive_component.lib.yaml 
Info: primitive component file parsed:  /home/ptaheri/.local/share/accelergy/primitive_component_libs/soc_primitives.lib.yaml 
Info: primitive component file parsed:  /home/ptaheri/.local/share/accelergy/primitive_component_libs/pim_primitive_component.lib.yaml 
Info: estimator plug-in identified by:  /home/ptaheri/.local/share/accelergy/estimation_plug_ins/accelergy-table-based-plug-ins/table.estimator.yaml 
table-based-plug-ins Identifies a set of tables named:  test_tables
table-based-plug-ins Identifies a set of tables named:  32nm_tables_Digital
Info: estimator plug-in identified by:  /home/ptaheri/.local/share/accelergy/estimation_plug_ins/accelergy-aladdin-plug-in/aladdin.estimator.yaml 
Info: estimator plug-in identified by:  /home/ptaheri/.local/share/accelergy/estimation_plug_ins/dummy_tables/dummy.estimator.yaml 
Info: estimator plug-in identified by:  /home/ptaheri/.local/share/accelergy/estimation_plug_ins/accelergy-cacti-plug-in/cacti.estimator.yaml 
Info: CACTI plug-in... Querying CACTI for request:
 {'class_name': 'SRAM', 'attributes': {'depth': 1024000, 'width': 256, 'block_size': 256, 'word-bits': 16, 'technology': '32nm', 'n_rd_ports': 0, 'n_wr_ports': 0, 'n_rdwr_ports': 1, 'n_banks': 1, 'latency': '5ns'}, 'action_name': 'read', 'arguments': {'data_delta': 0, 'address_delta': 0}}
copy  /home/ptaheri/.local/share/accelergy/estimation_plug_ins/accelergy-cacti-plug-in/default_SRAM.cfg  to  /home/ptaheri/.local/share/accelergy/estimation_plug_ins/accelergy-cacti-plug-in/cacti/timeloop-mapper.05_16_09_52_53_SRAM.cfg
CACTI plug-in removing temp file:  /home/ptaheri/.local/share/accelergy/estimation_plug_ins/accelergy-cacti-plug-in/cacti/timeloop-mapper.05_16_09_52_53_SRAM.cfg
Info: CACTI plug-in... Querying CACTI for request:
 {'class_name': 'SRAM', 'attributes': {'depth': 256, 'width': 16, 'block_size': 16, 'word-bits': 16, 'technology': '32nm', 'n_rd_ports': 0, 'n_wr_ports': 0, 'n_rdwr_ports': 1, 'n_banks': 1, 'latency': '5ns'}, 'action_name': 'read', 'arguments': {'data_delta': 0, 'address_delta': 0}}
copy  /home/ptaheri/.local/share/accelergy/estimation_plug_ins/accelergy-cacti-plug-in/default_SRAM.cfg  to  /home/ptaheri/.local/share/accelergy/estimation_plug_ins/accelergy-cacti-plug-in/cacti/timeloop-mapper.05_16_09_52_56_SRAM.cfg
CACTI plug-in removing temp file:  /home/ptaheri/.local/share/accelergy/estimation_plug_ins/accelergy-cacti-plug-in/cacti/timeloop-mapper.05_16_09_52_56_SRAM.cfg
Info: CACTI plug-in... Querying CACTI for request:
 {'class_name': 'SRAM', 'attributes': OrderedDict([('technology', '32nm'), ('width', 64), ('depth', 200), ('datawidth', 64), ('writes', True), ('reads', True), ('n_rd_ports', 0), ('n_wr_ports', 0), ('n_rdwr_ports', 1), ('n_banks', 1), ('latency', '5ns')]), 'action_name': 'read', 'arguments': None}
copy  /home/ptaheri/.local/share/accelergy/estimation_plug_ins/accelergy-cacti-plug-in/default_SRAM.cfg  to  /home/ptaheri/.local/share/accelergy/estimation_plug_ins/accelergy-cacti-plug-in/cacti/timeloop-mapper.05_16_09_52_56_SRAM.cfg
CACTI plug-in removing temp file:  /home/ptaheri/.local/share/accelergy/estimation_plug_ins/accelergy-cacti-plug-in/cacti/timeloop-mapper.05_16_09_52_56_SRAM.cfg
Warn: No action counts are specified as yaml input 
Info: flattened architecture is saved to: experiments/test//timeloop-mapper.flattened_architecture.yaml 
Info: energy reference table is saved to: experiments/test//timeloop-mapper.ERT.yaml 
Info: energy reference table summary is saved to: experiments/test//timeloop-mapper.ERT_summary.yaml 
Warn: no runtime energy estimations are generated... not generating energy_estimation.yaml 
Info: area reference table is saved to: experiments/test//timeloop-mapper.ART.yaml 
Info: area reference table summary is saved to: experiments/test//timeloop-mapper.ART_summary.yaml 
